<?xml version="1.0" encoding="UTF-8"?>
<testng-results skipped="1" failed="0" total="1" passed="0">
  <reporter-output>
  </reporter-output>
  <suite name="Default suite" duration-ms="194" started-at="2019-06-18T05:38:49Z" finished-at="2019-06-18T05:38:49Z">
    <groups>
    </groups>
    <test name="Default test" duration-ms="194" started-at="2019-06-18T05:38:49Z" finished-at="2019-06-18T05:38:49Z">
      <class name="com.training.regression.tests.LoginDBTest">
        <test-method status="PASS" signature="setUpBeforeClass()[pri:0, instance:com.training.regression.tests.LoginDBTest@6debcae2]" name="setUpBeforeClass" is-config="true" duration-ms="95" started-at="2019-06-18T11:08:49Z" finished-at="2019-06-18T11:08:49Z">
          <reporter-output>
          </reporter-output>
        </test-method> <!-- setUpBeforeClass -->
        <test-method status="SKIP" signature="loginDBTest(java.lang.String, java.lang.String)[pri:0, instance:com.training.regression.tests.LoginDBTest@6debcae2]" name="loginDBTest" duration-ms="0" started-at="2019-06-18T11:08:49Z" data-provider="db-inputs" finished-at="2019-06-18T11:08:49Z">
          <exception class="java.lang.RuntimeException">
            <message>
              <![CDATA[Can't invoke method public java.lang.Object[][] com.training.dataproviders.LoginDataProviders.getDBData() on this instance of class com.training.regression.tests.LoginDBTest due to class mismatch]]>
            </message>
            <full-stacktrace>
              <![CDATA[java.lang.RuntimeException: Can't invoke method public java.lang.Object[][] com.training.dataproviders.LoginDataProviders.getDBData() on this instance of class com.training.regression.tests.LoginDBTest due to class mismatch
	at org.testng.internal.MethodInvocationHelper.invokeMethod(MethodInvocationHelper.java:75)
	at org.testng.internal.MethodInvocationHelper.invokeDataProvider(MethodInvocationHelper.java:137)
	at org.testng.internal.Parameters.handleParameters(Parameters.java:430)
	at org.testng.internal.Invoker.handleParameters(Invoker.java:1276)
	at org.testng.internal.Invoker.createParameters(Invoker.java:991)
	at org.testng.internal.Invoker.invokeTestMethods(Invoker.java:1081)
	at org.testng.internal.TestMethodWorker.invokeTestMethods(TestMethodWorker.java:129)
	at org.testng.internal.TestMethodWorker.run(TestMethodWorker.java:112)
	at org.testng.TestRunner.privateRun(TestRunner.java:782)
	at org.testng.TestRunner.run(TestRunner.java:632)
	at org.testng.SuiteRunner.runTest(SuiteRunner.java:366)
	at org.testng.SuiteRunner.runSequentially(SuiteRunner.java:361)
	at org.testng.SuiteRunner.privateRun(SuiteRunner.java:319)
	at org.testng.SuiteRunner.run(SuiteRunner.java:268)
	at org.testng.SuiteRunnerWorker.runSuite(SuiteRunnerWorker.java:52)
	at org.testng.SuiteRunnerWorker.run(SuiteRunnerWorker.java:86)
	at org.testng.TestNG.runSuitesSequentially(TestNG.java:1244)
	at org.testng.TestNG.runSuitesLocally(TestNG.java:1169)
	at org.testng.TestNG.run(TestNG.java:1064)
	at org.testng.remote.RemoteTestNG.run(RemoteTestNG.java:113)
	at org.testng.remote.RemoteTestNG.initAndRun(RemoteTestNG.java:206)
	at org.testng.remote.RemoteTestNG.main(RemoteTestNG.java:177)
]]>
            </full-stacktrace>
          </exception> <!-- java.lang.RuntimeException -->
          <reporter-output>
          </reporter-output>
        </test-method> <!-- loginDBTest -->
      </class> <!-- com.training.regression.tests.LoginDBTest -->
    </test> <!-- Default test -->
  </suite> <!-- Default suite -->
</testng-results>
