<?xml version="1.0" encoding="UTF-8"?>
<testng-results skipped="0" failed="0" total="3" passed="3">
  <reporter-output>
  </reporter-output>
  <suite name="Default suite" duration-ms="78642" started-at="2019-06-18T04:44:27Z" finished-at="2019-06-18T04:45:46Z">
    <groups>
    </groups>
    <test name="Default test" duration-ms="78642" started-at="2019-06-18T04:44:27Z" finished-at="2019-06-18T04:45:46Z">
      <class name="com.training.sanity.tests.test_week1">
        <test-method status="PASS" signature="setUpBeforeClass()[pri:0, instance:com.training.sanity.tests.test_week1@66d33a]" name="setUpBeforeClass" is-config="true" duration-ms="45145" started-at="2019-06-18T10:14:27Z" finished-at="2019-06-18T10:15:12Z">
          <reporter-output>
          </reporter-output>
        </test-method> <!-- setUpBeforeClass -->
        <test-method status="PASS" signature="registration()[pri:1, instance:com.training.sanity.tests.test_week1@66d33a]" name="registration" duration-ms="13149" started-at="2019-06-18T10:15:12Z" finished-at="2019-06-18T10:15:25Z">
          <reporter-output>
          </reporter-output>
        </test-method> <!-- registration -->
        <test-method status="PASS" signature="validLoginTest()[pri:2, instance:com.training.sanity.tests.test_week1@66d33a]" name="validLoginTest" duration-ms="7125" started-at="2019-06-18T10:15:25Z" finished-at="2019-06-18T10:15:32Z">
          <reporter-output>
          </reporter-output>
        </test-method> <!-- validLoginTest -->
        <test-method status="PASS" signature="change_pwd()[pri:3, instance:com.training.sanity.tests.test_week1@66d33a]" name="change_pwd" duration-ms="13167" started-at="2019-06-18T10:15:32Z" finished-at="2019-06-18T10:15:46Z">
          <reporter-output>
          </reporter-output>
        </test-method> <!-- change_pwd -->
      </class> <!-- com.training.sanity.tests.test_week1 -->
    </test> <!-- Default test -->
  </suite> <!-- Default suite -->
</testng-results>
