<?xml version="1.0" encoding="UTF-8"?>
<!-- Generated by org.testng.reporters.JUnitXMLReporter -->
<testsuite hostname="pdakkipu" name="Default test" tests="3" failures="0" timestamp="17 Jun 2019 11:11:32 GMT" time="83.713" errors="0">
  <testcase name="registration" time="28.256" classname="com.training.sanity.tests.test_week1"/>
  <testcase name="validLoginTest" time="7.524" classname="com.training.sanity.tests.test_week1"/>
  <testcase name="change_pwd" time="15.511" classname="com.training.sanity.tests.test_week1"/>
</testsuite> <!-- Default test -->
