<?xml version="1.0" encoding="UTF-8"?>
<!-- Generated by org.testng.reporters.JUnitXMLReporter -->
<testsuite hostname="pdakkipu" name="Default test" tests="3" failures="0" timestamp="17 Jun 2019 06:22:06 GMT" time="40.953" errors="0">
  <testcase name="registration" time="10.452" classname="com.training.sanity.tests.test_week1"/>
  <testcase name="validLoginTest" time="6.935" classname="com.training.sanity.tests.test_week1"/>
  <testcase name="change_pwd" time="14.352" classname="com.training.sanity.tests.test_week1"/>
</testsuite> <!-- Default test -->
